<?xml version="1.0" encoding="UTF-8"?>
<!-- Generated by org.testng.reporters.JUnitXMLReporter -->
<testsuite ignored="2" hostname="TYSS-Neha-C-Zutti" failures="0" tests="1" name="Default test" time="32.92" errors="0" timestamp="2024-05-16T15:19:25 IST">
  <testcase classname="com.comcast.crm.contacttest.CreateContactTest" name="ccwsupportdate" time="21.518"/>
  <testcase classname="com.comcast.crm.contacttest.CreateContactTest" name="CreateContactWithOrganization" time="0.0">
    <ignored/>
  </testcase> <!-- CreateContactWithOrganization -->
  <testcase classname="com.comcast.crm.contacttest.CreateContactTest" name="createContactTest" time="0.0">
    <ignored/>
  </testcase> <!-- createContactTest -->
</testsuite> <!-- Default test -->
