<?xml version="1.0" encoding="UTF-8"?>
<testng-results ignored="2" total="3" passed="1" failed="0" skipped="0">
  <reporter-output>
  </reporter-output>
  <suite started-at="2024-05-16T15:18:52 IST" name="Default suite" finished-at="2024-05-16T15:19:25 IST" duration-ms="32920">
    <groups>
    </groups>
    <test started-at="2024-05-16T15:18:52 IST" name="Default test" finished-at="2024-05-16T15:19:25 IST" duration-ms="32920">
      <class name="com.comcast.crm.contacttest.CreateContactTest">
        <test-method is-config="true" signature="configBS()[pri:0, instance:com.comcast.crm.contacttest.CreateContactTest@489115ef]" started-at="2024-05-16T15:18:52 IST" name="configBS" finished-at="2024-05-16T15:18:52 IST" duration-ms="67" status="PASS">
          <reporter-output>
          </reporter-output>
        </test-method> <!-- configBS -->
        <test-method is-config="true" signature="configBC()[pri:0, instance:com.comcast.crm.contacttest.CreateContactTest@489115ef]" started-at="2024-05-16T15:18:52 IST" name="configBC" finished-at="2024-05-16T15:18:56 IST" duration-ms="3453" status="PASS">
          <reporter-output>
          </reporter-output>
        </test-method> <!-- configBC -->
        <test-method is-config="true" signature="configBM()[pri:0, instance:com.comcast.crm.contacttest.CreateContactTest@489115ef]" started-at="2024-05-16T15:18:56 IST" name="configBM" finished-at="2024-05-16T15:19:00 IST" duration-ms="4482" status="PASS">
          <reporter-output>
          </reporter-output>
        </test-method> <!-- configBM -->
        <test-method signature="ccwsupportdate()[pri:0, instance:com.comcast.crm.contacttest.CreateContactTest@489115ef]" started-at="2024-05-16T15:19:00 IST" name="ccwsupportdate" finished-at="2024-05-16T15:19:22 IST" duration-ms="21518" status="PASS">
          <reporter-output>
          </reporter-output>
        </test-method> <!-- ccwsupportdate -->
        <test-method is-config="true" signature="configAM()[pri:0, instance:com.comcast.crm.contacttest.CreateContactTest@489115ef]" started-at="2024-05-16T15:19:22 IST" name="configAM" finished-at="2024-05-16T15:19:24 IST" duration-ms="2108" status="PASS">
          <reporter-output>
          </reporter-output>
        </test-method> <!-- configAM -->
        <test-method is-config="true" signature="configAC()[pri:0, instance:com.comcast.crm.contacttest.CreateContactTest@489115ef]" started-at="2024-05-16T15:19:24 IST" name="configAC" finished-at="2024-05-16T15:19:25 IST" duration-ms="1286" status="PASS">
          <reporter-output>
          </reporter-output>
        </test-method> <!-- configAC -->
        <test-method is-config="true" signature="configAS()[pri:0, instance:com.comcast.crm.contacttest.CreateContactTest@489115ef]" started-at="2024-05-16T15:19:25 IST" name="configAS" finished-at="2024-05-16T15:19:25 IST" duration-ms="1" status="PASS">
          <reporter-output>
          </reporter-output>
        </test-method> <!-- configAS -->
      </class> <!-- com.comcast.crm.contacttest.CreateContactTest -->
    </test> <!-- Default test -->
  </suite> <!-- Default suite -->
</testng-results>
